mode: atomic
github.com/prologic/httpfs/utils/utils.go:12.53,15.16 3 3
github.com/prologic/httpfs/utils/utils.go:18.2,19.16 2 1
github.com/prologic/httpfs/utils/utils.go:23.2,24.23 2 1
github.com/prologic/httpfs/utils/utils.go:34.2,34.21 1 1
github.com/prologic/httpfs/utils/utils.go:15.16,17.3 1 2
github.com/prologic/httpfs/utils/utils.go:19.16,21.3 1 0
github.com/prologic/httpfs/utils/utils.go:24.23,32.3 1 1
github.com/prologic/httpfs/utils/utils.go:38.42,40.16 2 1
github.com/prologic/httpfs/utils/utils.go:43.2,44.16 2 1
github.com/prologic/httpfs/utils/utils.go:47.2,47.18 1 1
github.com/prologic/httpfs/utils/utils.go:40.16,42.3 1 0
github.com/prologic/httpfs/utils/utils.go:44.16,46.3 1 0
github.com/prologic/httpfs/utils/utils.go:51.43,53.14 2 12
github.com/prologic/httpfs/utils/utils.go:56.2,56.10 1 2
github.com/prologic/httpfs/utils/utils.go:53.14,55.3 1 10
github.com/prologic/httpfs/utils/utils.go:60.40,62.14 2 5
github.com/prologic/httpfs/utils/utils.go:65.2,65.15 1 3
github.com/prologic/httpfs/utils/utils.go:62.14,64.3 1 2
github.com/prologic/httpfs/utils/utils.go:69.46,71.14 2 5
github.com/prologic/httpfs/utils/utils.go:74.2,74.10 1 4
github.com/prologic/httpfs/utils/utils.go:71.14,73.3 1 1
github.com/prologic/httpfs/utils/utils.go:78.38,80.16 2 2
github.com/prologic/httpfs/utils/utils.go:83.2,83.17 1 1
github.com/prologic/httpfs/utils/utils.go:80.16,82.3 1 1
