mode: atomic
github.com/prologic/httpfs/fsapi/utils.go:8.37,10.14 2 0
github.com/prologic/httpfs/fsapi/utils.go:13.2,13.10 1 0
github.com/prologic/httpfs/fsapi/utils.go:10.14,12.3 1 0
github.com/prologic/httpfs/fsapi/utils.go:17.35,19.14 2 0
github.com/prologic/httpfs/fsapi/utils.go:22.2,22.10 1 0
github.com/prologic/httpfs/fsapi/utils.go:19.14,21.3 1 0
github.com/prologic/httpfs/cmd/httpfsmount/main.go:26.13,27.22 1 0
github.com/prologic/httpfs/cmd/httpfsmount/main.go:32.2,40.11 6 0
github.com/prologic/httpfs/cmd/httpfsmount/main.go:49.2,49.13 1 0
github.com/prologic/httpfs/cmd/httpfsmount/main.go:54.2,54.21 1 0
github.com/prologic/httpfs/cmd/httpfsmount/main.go:59.2,74.16 3 0
github.com/prologic/httpfs/cmd/httpfsmount/main.go:77.2,83.43 5 0
github.com/prologic/httpfs/cmd/httpfsmount/main.go:88.2,89.37 2 0
github.com/prologic/httpfs/cmd/httpfsmount/main.go:27.22,30.3 2 0
github.com/prologic/httpfs/cmd/httpfsmount/main.go:40.11,42.38 2 0
github.com/prologic/httpfs/cmd/httpfsmount/main.go:42.38,44.4 1 0
github.com/prologic/httpfs/cmd/httpfsmount/main.go:45.8,47.3 1 0
github.com/prologic/httpfs/cmd/httpfsmount/main.go:49.13,52.3 2 0
github.com/prologic/httpfs/cmd/httpfsmount/main.go:54.21,57.3 2 0
github.com/prologic/httpfs/cmd/httpfsmount/main.go:74.16,76.3 1 0
github.com/prologic/httpfs/cmd/httpfsmount/main.go:83.43,85.3 1 0
github.com/prologic/httpfs/cmd/httpfsmount/main.go:89.37,91.3 1 0
github.com/prologic/httpfs/utils/tempdir/tempdir.go:17.24,19.16 2 4
github.com/prologic/httpfs/utils/tempdir/tempdir.go:19.16,21.3 1 0
github.com/prologic/httpfs/utils/tempdir/tempdir.go:27.27,29.16 2 0
github.com/prologic/httpfs/utils/tempdir/tempdir.go:33.2,34.16 2 0
github.com/prologic/httpfs/utils/tempdir/tempdir.go:38.2,38.20 1 0
github.com/prologic/httpfs/utils/tempdir/tempdir.go:29.16,32.3 2 0
github.com/prologic/httpfs/utils/tempdir/tempdir.go:34.16,37.3 2 0
github.com/prologic/httpfs/utils/tempdir/tempdir.go:38.20,41.3 2 0
github.com/prologic/httpfs/utils/tempdir/tempdir.go:53.41,56.16 3 0
github.com/prologic/httpfs/utils/tempdir/tempdir.go:59.2,59.10 1 0
github.com/prologic/httpfs/utils/tempdir/tempdir.go:56.16,58.3 1 0
github.com/prologic/httpfs/utils/tempdir/tempdir.go:63.28,68.32 3 4
github.com/prologic/httpfs/utils/tempdir/tempdir.go:72.2,73.16 2 4
github.com/prologic/httpfs/utils/tempdir/tempdir.go:76.2,76.29 1 4
github.com/prologic/httpfs/utils/tempdir/tempdir.go:68.32,70.3 1 0
github.com/prologic/httpfs/utils/tempdir/tempdir.go:73.16,75.3 1 0
github.com/prologic/httpfs/utils/utils.go:12.53,15.16 3 3
github.com/prologic/httpfs/utils/utils.go:18.2,19.16 2 1
github.com/prologic/httpfs/utils/utils.go:23.2,24.23 2 1
github.com/prologic/httpfs/utils/utils.go:34.2,34.21 1 1
github.com/prologic/httpfs/utils/utils.go:15.16,17.3 1 2
github.com/prologic/httpfs/utils/utils.go:19.16,21.3 1 0
github.com/prologic/httpfs/utils/utils.go:24.23,32.3 1 1
github.com/prologic/httpfs/utils/utils.go:38.42,40.16 2 1
github.com/prologic/httpfs/utils/utils.go:43.2,44.16 2 1
github.com/prologic/httpfs/utils/utils.go:47.2,47.18 1 1
github.com/prologic/httpfs/utils/utils.go:40.16,42.3 1 0
github.com/prologic/httpfs/utils/utils.go:44.16,46.3 1 0
github.com/prologic/httpfs/utils/utils.go:51.43,53.14 2 12
github.com/prologic/httpfs/utils/utils.go:56.2,56.10 1 2
github.com/prologic/httpfs/utils/utils.go:53.14,55.3 1 10
github.com/prologic/httpfs/utils/utils.go:60.40,62.14 2 5
github.com/prologic/httpfs/utils/utils.go:65.2,65.15 1 3
github.com/prologic/httpfs/utils/utils.go:62.14,64.3 1 2
github.com/prologic/httpfs/utils/utils.go:69.46,71.14 2 5
github.com/prologic/httpfs/utils/utils.go:74.2,74.10 1 4
github.com/prologic/httpfs/utils/utils.go:71.14,73.3 1 1
github.com/prologic/httpfs/utils/utils.go:78.38,80.16 2 2
github.com/prologic/httpfs/utils/utils.go:83.2,83.17 1 1
github.com/prologic/httpfs/utils/utils.go:80.16,82.3 1 1
github.com/prologic/httpfs/webapi/handlers.go:18.58,19.9 1 0
github.com/prologic/httpfs/webapi/handlers.go:20.28,21.43 1 0
github.com/prologic/httpfs/webapi/handlers.go:22.26,23.47 1 0
github.com/prologic/httpfs/webapi/handlers.go:24.23,25.52 1 0
github.com/prologic/httpfs/webapi/handlers.go:26.10,27.65 1 0
github.com/prologic/httpfs/webapi/handlers.go:31.62,32.44 1 0
github.com/prologic/httpfs/webapi/handlers.go:39.2,39.43 1 0
github.com/prologic/httpfs/webapi/handlers.go:46.2,46.41 1 0
github.com/prologic/httpfs/webapi/handlers.go:53.2,53.38 1 0
github.com/prologic/httpfs/webapi/handlers.go:32.44,37.3 1 0
github.com/prologic/httpfs/webapi/handlers.go:39.43,44.3 1 0
github.com/prologic/httpfs/webapi/handlers.go:46.41,51.3 1 0
github.com/prologic/httpfs/webapi/handlers.go:53.38,58.3 1 0
github.com/prologic/httpfs/webapi/handlers.go:62.61,63.54 1 0
github.com/prologic/httpfs/webapi/handlers.go:63.54,67.19 3 0
github.com/prologic/httpfs/webapi/handlers.go:68.15,70.18 2 0
github.com/prologic/httpfs/webapi/handlers.go:77.4,79.10 2 0
github.com/prologic/httpfs/webapi/handlers.go:80.17,81.16 1 0
github.com/prologic/httpfs/webapi/handlers.go:86.4,87.18 2 0
github.com/prologic/httpfs/webapi/handlers.go:94.4,94.10 1 0
github.com/prologic/httpfs/webapi/handlers.go:95.14,96.16 1 0
github.com/prologic/httpfs/webapi/handlers.go:101.4,128.18 7 0
github.com/prologic/httpfs/webapi/handlers.go:135.4,137.18 2 0
github.com/prologic/httpfs/webapi/handlers.go:143.4,148.18 4 0
github.com/prologic/httpfs/webapi/handlers.go:155.4,155.26 1 0
github.com/prologic/httpfs/webapi/handlers.go:159.4,162.10 3 0
github.com/prologic/httpfs/webapi/handlers.go:163.14,165.18 2 0
github.com/prologic/httpfs/webapi/handlers.go:172.4,172.56 1 0
github.com/prologic/httpfs/webapi/handlers.go:177.4,177.17 1 0
github.com/prologic/httpfs/webapi/handlers.go:201.4,201.10 1 0
github.com/prologic/httpfs/webapi/handlers.go:202.16,203.16 1 0
github.com/prologic/httpfs/webapi/handlers.go:208.4,211.18 3 0
github.com/prologic/httpfs/webapi/handlers.go:218.4,218.10 1 0
github.com/prologic/httpfs/webapi/handlers.go:219.16,220.16 1 0
github.com/prologic/httpfs/webapi/handlers.go:225.4,234.18 3 0
github.com/prologic/httpfs/webapi/handlers.go:241.4,241.10 1 0
github.com/prologic/httpfs/webapi/handlers.go:242.15,243.16 1 0
github.com/prologic/httpfs/webapi/handlers.go:248.4,249.21 2 0
github.com/prologic/httpfs/webapi/handlers.go:255.4,256.18 2 0
github.com/prologic/httpfs/webapi/handlers.go:263.4,272.12 4 0
github.com/prologic/httpfs/webapi/handlers.go:278.4,278.18 1 0
github.com/prologic/httpfs/webapi/handlers.go:285.4,285.10 1 0
github.com/prologic/httpfs/webapi/handlers.go:286.17,287.16 1 0
github.com/prologic/httpfs/webapi/handlers.go:292.4,293.21 2 0
github.com/prologic/httpfs/webapi/handlers.go:299.4,303.18 4 0
github.com/prologic/httpfs/webapi/handlers.go:310.4,310.10 1 0
github.com/prologic/httpfs/webapi/handlers.go:311.19,312.16 1 0
github.com/prologic/httpfs/webapi/handlers.go:317.4,318.21 2 0
github.com/prologic/httpfs/webapi/handlers.go:324.4,325.18 2 0
github.com/prologic/httpfs/webapi/handlers.go:332.4,333.18 2 0
github.com/prologic/httpfs/webapi/handlers.go:340.4,340.10 1 0
github.com/prologic/httpfs/webapi/handlers.go:341.11,343.10 2 0
github.com/prologic/httpfs/webapi/handlers.go:70.18,75.5 3 0
github.com/prologic/httpfs/webapi/handlers.go:81.16,84.5 2 0
github.com/prologic/httpfs/webapi/handlers.go:87.18,92.5 3 0
github.com/prologic/httpfs/webapi/handlers.go:96.16,99.5 2 0
github.com/prologic/httpfs/webapi/handlers.go:128.18,133.5 3 0
github.com/prologic/httpfs/webapi/handlers.go:137.18,140.5 2 0
github.com/prologic/httpfs/webapi/handlers.go:148.18,153.5 3 0
github.com/prologic/httpfs/webapi/handlers.go:155.26,157.5 1 0
github.com/prologic/httpfs/webapi/handlers.go:165.18,170.5 3 0
github.com/prologic/httpfs/webapi/handlers.go:172.56,175.5 2 0
github.com/prologic/httpfs/webapi/handlers.go:177.17,179.19 2 0
github.com/prologic/httpfs/webapi/handlers.go:185.5,186.39 2 0
github.com/prologic/httpfs/webapi/handlers.go:179.19,184.6 3 0
github.com/prologic/httpfs/webapi/handlers.go:187.10,189.19 2 0
github.com/prologic/httpfs/webapi/handlers.go:195.5,199.54 3 0
github.com/prologic/httpfs/webapi/handlers.go:189.19,194.6 3 0
github.com/prologic/httpfs/webapi/handlers.go:203.16,206.5 2 0
github.com/prologic/httpfs/webapi/handlers.go:211.18,216.5 3 0
github.com/prologic/httpfs/webapi/handlers.go:220.16,223.5 2 0
github.com/prologic/httpfs/webapi/handlers.go:234.18,239.5 3 0
github.com/prologic/httpfs/webapi/handlers.go:243.16,246.5 2 0
github.com/prologic/httpfs/webapi/handlers.go:249.21,253.5 2 0
github.com/prologic/httpfs/webapi/handlers.go:256.18,261.5 3 0
github.com/prologic/httpfs/webapi/handlers.go:272.12,274.5 1 0
github.com/prologic/httpfs/webapi/handlers.go:274.10,276.5 1 0
github.com/prologic/httpfs/webapi/handlers.go:278.18,283.5 3 0
github.com/prologic/httpfs/webapi/handlers.go:287.16,290.5 2 0
github.com/prologic/httpfs/webapi/handlers.go:293.21,297.5 2 0
github.com/prologic/httpfs/webapi/handlers.go:303.18,308.5 3 0
github.com/prologic/httpfs/webapi/handlers.go:312.16,315.5 2 0
github.com/prologic/httpfs/webapi/handlers.go:318.21,322.5 2 0
github.com/prologic/httpfs/webapi/handlers.go:325.18,330.5 3 0
github.com/prologic/httpfs/webapi/handlers.go:333.18,338.5 3 0
github.com/prologic/httpfs/cmd/httpfsd/main.go:28.13,29.22 1 0
github.com/prologic/httpfs/cmd/httpfsd/main.go:34.2,46.11 9 0
github.com/prologic/httpfs/cmd/httpfsd/main.go:52.2,52.13 1 0
github.com/prologic/httpfs/cmd/httpfsd/main.go:57.2,57.21 1 0
github.com/prologic/httpfs/cmd/httpfsd/main.go:62.2,75.9 6 0
github.com/prologic/httpfs/cmd/httpfsd/main.go:29.22,32.3 2 0
github.com/prologic/httpfs/cmd/httpfsd/main.go:46.11,48.3 1 0
github.com/prologic/httpfs/cmd/httpfsd/main.go:48.8,50.3 1 0
github.com/prologic/httpfs/cmd/httpfsd/main.go:52.13,55.3 2 0
github.com/prologic/httpfs/cmd/httpfsd/main.go:57.21,60.3 2 0
github.com/prologic/httpfs/cmd/httpfsd/main.go:75.9,84.3 1 0
github.com/prologic/httpfs/cmd/httpfsd/main.go:84.8,86.3 1 0
github.com/prologic/httpfs/fsapi/client.go:24.42,27.2 1 0
github.com/prologic/httpfs/fsapi/client.go:30.44,31.47 1 0
github.com/prologic/httpfs/fsapi/client.go:38.2,38.8 1 0
github.com/prologic/httpfs/fsapi/client.go:31.47,34.17 3 0
github.com/prologic/httpfs/fsapi/client.go:34.17,36.4 1 0
github.com/prologic/httpfs/fsapi/client.go:42.43,43.14 1 0
github.com/prologic/httpfs/fsapi/client.go:44.11,45.21 1 0
github.com/prologic/httpfs/fsapi/client.go:46.11,47.20 1 0
github.com/prologic/httpfs/fsapi/client.go:48.10,49.18 1 0
github.com/prologic/httpfs/fsapi/client.go:61.34,63.2 1 0
github.com/prologic/httpfs/fsapi/client.go:65.33,67.2 1 0
github.com/prologic/httpfs/fsapi/client.go:69.39,71.2 1 0
github.com/prologic/httpfs/fsapi/client.go:73.40,75.2 1 0
github.com/prologic/httpfs/fsapi/client.go:77.33,79.2 1 0
github.com/prologic/httpfs/fsapi/client.go:81.38,83.2 1 0
github.com/prologic/httpfs/fsapi/client.go:92.52,93.40 1 0
github.com/prologic/httpfs/fsapi/client.go:104.2,107.3 1 0
github.com/prologic/httpfs/fsapi/client.go:93.40,102.3 1 0
github.com/prologic/httpfs/fsapi/client.go:111.79,115.2 3 0
github.com/prologic/httpfs/fsapi/client.go:118.49,120.2 1 0
github.com/prologic/httpfs/fsapi/client.go:123.48,125.2 1 0
github.com/prologic/httpfs/fsapi/client.go:128.64,130.2 1 0
github.com/prologic/httpfs/fsapi/client.go:133.56,136.14 3 0
github.com/prologic/httpfs/fsapi/client.go:141.2,143.35 2 0
github.com/prologic/httpfs/fsapi/client.go:147.2,150.16 3 0
github.com/prologic/httpfs/fsapi/client.go:157.2,169.8 5 0
github.com/prologic/httpfs/fsapi/client.go:136.14,139.3 2 0
github.com/prologic/httpfs/fsapi/client.go:143.35,145.3 1 0
github.com/prologic/httpfs/fsapi/client.go:150.16,153.3 2 0
github.com/prologic/httpfs/fsapi/client.go:153.8,155.3 1 0
github.com/prologic/httpfs/fsapi/client.go:173.61,182.14 4 0
github.com/prologic/httpfs/fsapi/client.go:186.2,186.35 1 0
github.com/prologic/httpfs/fsapi/client.go:190.2,190.65 1 0
github.com/prologic/httpfs/fsapi/client.go:230.2,230.32 1 0
github.com/prologic/httpfs/fsapi/client.go:240.2,240.17 1 0
github.com/prologic/httpfs/fsapi/client.go:182.14,184.3 1 0
github.com/prologic/httpfs/fsapi/client.go:186.35,188.3 1 0
github.com/prologic/httpfs/fsapi/client.go:191.19,193.17 2 0
github.com/prologic/httpfs/fsapi/client.go:196.3,197.29 2 0
github.com/prologic/httpfs/fsapi/client.go:219.3,219.12 1 0
github.com/prologic/httpfs/fsapi/client.go:220.26,222.56 2 0
github.com/prologic/httpfs/fsapi/client.go:226.10,227.43 1 0
github.com/prologic/httpfs/fsapi/client.go:193.17,195.4 1 0
github.com/prologic/httpfs/fsapi/client.go:197.29,198.51 1 0
github.com/prologic/httpfs/fsapi/client.go:215.4,215.55 1 0
github.com/prologic/httpfs/fsapi/client.go:198.51,199.30 1 0
github.com/prologic/httpfs/fsapi/client.go:199.30,200.25 1 0
github.com/prologic/httpfs/fsapi/client.go:200.25,202.21 2 0
github.com/prologic/httpfs/fsapi/client.go:205.7,211.12 3 0
github.com/prologic/httpfs/fsapi/client.go:202.21,204.8 1 0
github.com/prologic/httpfs/fsapi/client.go:215.55,217.5 1 0
github.com/prologic/httpfs/fsapi/client.go:222.56,225.4 2 0
github.com/prologic/httpfs/fsapi/client.go:230.32,238.3 1 0
github.com/prologic/httpfs/fsapi/client.go:244.60,254.14 7 0
github.com/prologic/httpfs/fsapi/client.go:259.2,259.35 1 0
github.com/prologic/httpfs/fsapi/client.go:263.2,263.12 1 0
github.com/prologic/httpfs/fsapi/client.go:254.14,257.3 2 0
github.com/prologic/httpfs/fsapi/client.go:259.35,261.3 1 0
github.com/prologic/httpfs/fsapi/client.go:267.47,277.14 7 0
github.com/prologic/httpfs/fsapi/client.go:282.2,282.35 1 0
github.com/prologic/httpfs/fsapi/client.go:286.2,286.12 1 0
github.com/prologic/httpfs/fsapi/client.go:277.14,280.3 2 0
github.com/prologic/httpfs/fsapi/client.go:282.35,284.3 1 0
github.com/prologic/httpfs/fsapi/client.go:290.52,301.14 8 0
github.com/prologic/httpfs/fsapi/client.go:306.2,306.35 1 0
github.com/prologic/httpfs/fsapi/client.go:310.2,310.12 1 0
github.com/prologic/httpfs/fsapi/client.go:301.14,304.3 2 0
github.com/prologic/httpfs/fsapi/client.go:306.35,308.3 1 0
github.com/prologic/httpfs/fsapi/client.go:314.55,324.14 7 0
github.com/prologic/httpfs/fsapi/client.go:329.2,329.35 1 0
github.com/prologic/httpfs/fsapi/client.go:333.2,333.12 1 0
github.com/prologic/httpfs/fsapi/client.go:324.14,327.3 2 0
github.com/prologic/httpfs/fsapi/client.go:329.35,331.3 1 0
github.com/prologic/httpfs/fsapi/client.go:337.43,342.14 4 0
github.com/prologic/httpfs/fsapi/client.go:347.2,347.35 1 0
github.com/prologic/httpfs/fsapi/client.go:351.2,351.12 1 0
github.com/prologic/httpfs/fsapi/client.go:342.14,345.3 2 0
github.com/prologic/httpfs/fsapi/client.go:347.35,349.3 1 0
github.com/prologic/httpfs/fsapi/client.go:355.60,365.14 7 0
github.com/prologic/httpfs/fsapi/client.go:370.2,370.35 1 0
github.com/prologic/httpfs/fsapi/client.go:374.2,374.12 1 0
github.com/prologic/httpfs/fsapi/client.go:365.14,368.3 2 0
github.com/prologic/httpfs/fsapi/client.go:370.35,372.3 1 0
github.com/prologic/httpfs/fsapi/client.go:378.58,388.14 7 0
github.com/prologic/httpfs/fsapi/client.go:393.2,393.35 1 0
github.com/prologic/httpfs/fsapi/client.go:397.2,397.12 1 0
github.com/prologic/httpfs/fsapi/client.go:388.14,391.3 2 0
github.com/prologic/httpfs/fsapi/client.go:393.35,395.3 1 0
github.com/prologic/httpfs/fsapi/file.go:32.75,39.2 4 0
github.com/prologic/httpfs/fsapi/file.go:42.62,47.16 4 0
github.com/prologic/httpfs/fsapi/file.go:51.2,57.12 5 0
github.com/prologic/httpfs/fsapi/file.go:47.16,49.3 1 0
github.com/prologic/httpfs/fsapi/file.go:60.33,62.16 2 0
github.com/prologic/httpfs/fsapi/file.go:66.2,70.12 4 0
github.com/prologic/httpfs/fsapi/file.go:62.16,64.3 1 0
github.com/prologic/httpfs/fsapi/file.go:74.109,91.2 5 0
github.com/prologic/httpfs/fsapi/file.go:94.77,97.2 2 0
github.com/prologic/httpfs/fsapi/file.go:99.96,107.21 5 0
github.com/prologic/httpfs/fsapi/file.go:112.2,114.33 3 0
github.com/prologic/httpfs/fsapi/file.go:118.2,121.12 3 0
github.com/prologic/httpfs/fsapi/file.go:107.21,110.3 1 0
github.com/prologic/httpfs/fsapi/file.go:114.33,117.3 2 0
github.com/prologic/httpfs/fsapi/file.go:124.99,132.21 5 0
github.com/prologic/httpfs/fsapi/file.go:137.2,138.16 2 0
github.com/prologic/httpfs/fsapi/file.go:142.2,145.12 3 0
github.com/prologic/httpfs/fsapi/file.go:132.21,135.3 1 0
github.com/prologic/httpfs/fsapi/file.go:138.16,141.3 2 0
github.com/prologic/httpfs/fsapi/file.go:151.105,163.18 6 0
github.com/prologic/httpfs/fsapi/file.go:172.2,172.18 1 0
github.com/prologic/httpfs/fsapi/file.go:182.2,184.16 2 0
github.com/prologic/httpfs/fsapi/file.go:189.2,189.12 1 0
github.com/prologic/httpfs/fsapi/file.go:163.18,165.17 2 0
github.com/prologic/httpfs/fsapi/file.go:169.3,169.29 1 0
github.com/prologic/httpfs/fsapi/file.go:165.17,168.4 2 0
github.com/prologic/httpfs/fsapi/file.go:172.18,174.17 2 0
github.com/prologic/httpfs/fsapi/file.go:178.3,178.29 1 0
github.com/prologic/httpfs/fsapi/file.go:174.17,177.4 2 0
github.com/prologic/httpfs/fsapi/file.go:184.16,188.3 2 0
github.com/prologic/httpfs/fsapi/httpfs.go:30.52,35.29 3 0
github.com/prologic/httpfs/fsapi/httpfs.go:38.2,38.11 1 0
github.com/prologic/httpfs/fsapi/httpfs.go:35.29,36.52 1 0
github.com/prologic/httpfs/fsapi/httpfs.go:41.34,43.2 1 0
github.com/prologic/httpfs/fsapi/httpfs.go:45.61,59.2 2 0
github.com/prologic/httpfs/fsapi/httpfs.go:61.63,75.2 2 0
github.com/prologic/httpfs/fsapi/httpfs.go:78.42,80.2 1 0
github.com/prologic/httpfs/fsapi/httpfs.go:83.103,102.2 1 0
github.com/prologic/httpfs/version.go:19.27,21.2 1 0
github.com/prologic/httpfs/fsapi/dir.go:36.61,41.2 4 0
github.com/prologic/httpfs/fsapi/dir.go:57.73,58.79 1 0
github.com/prologic/httpfs/fsapi/dir.go:87.2,87.25 1 0
github.com/prologic/httpfs/fsapi/dir.go:58.79,67.17 7 0
github.com/prologic/httpfs/fsapi/dir.go:72.3,72.10 1 0
github.com/prologic/httpfs/fsapi/dir.go:67.17,70.4 2 0
github.com/prologic/httpfs/fsapi/dir.go:73.22,75.47 2 0
github.com/prologic/httpfs/fsapi/dir.go:76.54,78.48 2 0
github.com/prologic/httpfs/fsapi/dir.go:79.33,81.48 2 0
github.com/prologic/httpfs/fsapi/dir.go:82.11,83.39 1 0
github.com/prologic/httpfs/fsapi/dir.go:91.70,98.16 5 0
github.com/prologic/httpfs/fsapi/dir.go:103.2,103.29 1 0
github.com/prologic/httpfs/fsapi/dir.go:116.2,117.17 2 0
github.com/prologic/httpfs/fsapi/dir.go:98.16,101.3 2 0
github.com/prologic/httpfs/fsapi/dir.go:103.29,105.19 2 0
github.com/prologic/httpfs/fsapi/dir.go:112.3,113.24 2 0
github.com/prologic/httpfs/fsapi/dir.go:105.19,107.4 1 0
github.com/prologic/httpfs/fsapi/dir.go:107.9,107.58 1 0
github.com/prologic/httpfs/fsapi/dir.go:107.58,109.4 1 0
github.com/prologic/httpfs/fsapi/dir.go:109.9,109.37 1 0
github.com/prologic/httpfs/fsapi/dir.go:109.37,111.4 1 0
github.com/prologic/httpfs/fsapi/dir.go:121.83,125.42 4 0
github.com/prologic/httpfs/fsapi/dir.go:130.2,133.58 3 0
github.com/prologic/httpfs/fsapi/dir.go:137.2,137.15 1 0
github.com/prologic/httpfs/fsapi/dir.go:125.42,128.3 1 0
github.com/prologic/httpfs/fsapi/dir.go:133.58,136.3 2 0
github.com/prologic/httpfs/fsapi/dir.go:141.123,146.42 4 0
github.com/prologic/httpfs/fsapi/dir.go:151.2,170.18 8 0
github.com/prologic/httpfs/fsapi/dir.go:146.42,149.3 1 0
github.com/prologic/httpfs/fsapi/dir.go:174.106,181.35 4 0
github.com/prologic/httpfs/fsapi/dir.go:196.2,196.46 1 0
github.com/prologic/httpfs/fsapi/dir.go:201.2,203.58 2 0
github.com/prologic/httpfs/fsapi/dir.go:208.2,208.16 1 0
github.com/prologic/httpfs/fsapi/dir.go:181.35,184.3 2 0
github.com/prologic/httpfs/fsapi/dir.go:184.8,184.41 1 0
github.com/prologic/httpfs/fsapi/dir.go:184.41,189.3 4 0
github.com/prologic/httpfs/fsapi/dir.go:189.8,194.3 4 0
github.com/prologic/httpfs/fsapi/dir.go:196.46,199.3 2 0
github.com/prologic/httpfs/fsapi/dir.go:203.58,206.3 2 0
github.com/prologic/httpfs/fsapi/dir.go:212.87,220.35 5 0
github.com/prologic/httpfs/fsapi/dir.go:235.2,235.45 1 0
github.com/prologic/httpfs/fsapi/dir.go:240.2,243.65 3 0
github.com/prologic/httpfs/fsapi/dir.go:248.2,248.16 1 0
github.com/prologic/httpfs/fsapi/dir.go:220.35,223.3 2 0
github.com/prologic/httpfs/fsapi/dir.go:223.8,223.41 1 0
github.com/prologic/httpfs/fsapi/dir.go:223.41,228.3 4 0
github.com/prologic/httpfs/fsapi/dir.go:228.8,233.3 4 0
github.com/prologic/httpfs/fsapi/dir.go:235.45,238.3 2 0
github.com/prologic/httpfs/fsapi/dir.go:243.65,246.3 2 0
github.com/prologic/httpfs/fsapi/dir.go:252.90,259.35 4 0
github.com/prologic/httpfs/fsapi/dir.go:274.2,274.46 1 0
github.com/prologic/httpfs/fsapi/dir.go:279.2,282.61 3 0
github.com/prologic/httpfs/fsapi/dir.go:287.2,287.12 1 0
github.com/prologic/httpfs/fsapi/dir.go:259.35,262.3 2 0
github.com/prologic/httpfs/fsapi/dir.go:262.8,262.41 1 0
github.com/prologic/httpfs/fsapi/dir.go:262.41,267.3 4 0
github.com/prologic/httpfs/fsapi/dir.go:267.8,272.3 4 0
github.com/prologic/httpfs/fsapi/dir.go:274.46,277.3 1 0
github.com/prologic/httpfs/fsapi/dir.go:282.61,285.3 2 0
github.com/prologic/httpfs/fsapi/dir.go:291.74,299.43 5 0
github.com/prologic/httpfs/fsapi/dir.go:308.2,309.49 2 0
github.com/prologic/httpfs/fsapi/dir.go:314.2,314.12 1 0
github.com/prologic/httpfs/fsapi/dir.go:299.43,302.3 2 0
github.com/prologic/httpfs/fsapi/dir.go:309.49,312.3 2 0
github.com/prologic/httpfs/fsapi/dir.go:317.40,320.16 3 0
github.com/prologic/httpfs/fsapi/dir.go:324.2,324.13 1 0
github.com/prologic/httpfs/fsapi/dir.go:320.16,322.3 1 0
github.com/prologic/httpfs/fsapi/handle.go:27.31,29.2 1 0
github.com/prologic/httpfs/fsapi/handle.go:32.63,39.16 5 0
github.com/prologic/httpfs/fsapi/handle.go:43.2,45.47 2 0
github.com/prologic/httpfs/fsapi/handle.go:50.2,51.16 2 0
github.com/prologic/httpfs/fsapi/handle.go:55.2,57.22 2 0
github.com/prologic/httpfs/fsapi/handle.go:39.16,42.3 2 0
github.com/prologic/httpfs/fsapi/handle.go:45.47,48.3 2 0
github.com/prologic/httpfs/fsapi/handle.go:51.16,53.3 1 0
github.com/prologic/httpfs/fsapi/handle.go:61.75,69.17 6 0
github.com/prologic/httpfs/fsapi/handle.go:74.2,86.16 10 0
github.com/prologic/httpfs/fsapi/handle.go:91.2,91.35 1 0
github.com/prologic/httpfs/fsapi/handle.go:98.2,99.14 2 0
github.com/prologic/httpfs/fsapi/handle.go:104.2,105.14 2 0
github.com/prologic/httpfs/fsapi/handle.go:110.2,110.20 1 0
github.com/prologic/httpfs/fsapi/handle.go:69.17,72.3 2 0
github.com/prologic/httpfs/fsapi/handle.go:86.16,89.3 2 0
github.com/prologic/httpfs/fsapi/handle.go:91.35,93.3 1 0
github.com/prologic/httpfs/fsapi/handle.go:93.8,93.54 1 0
github.com/prologic/httpfs/fsapi/handle.go:93.54,96.3 2 0
github.com/prologic/httpfs/fsapi/handle.go:99.14,102.3 2 0
github.com/prologic/httpfs/fsapi/handle.go:105.14,108.3 2 0
